<?xml version="1.0" encoding="UTF-8"?>
<!-- Generated by org.testng.reporters.JUnitReportReporter -->
<testsuite skipped="0" hostname="LAPTOP-JAC828HV" name="progj.baseTest" tests="1" failures="0" timestamp="06 Apr 2022 05:35:45 GMT" time="0.020" errors="0">
  <testcase name="LoginToAPP" time="0.020" classname="progj.baseTest"/>
</testsuite> <!-- progj.baseTest -->
