<?xml version="1.0" encoding="UTF-8"?>
<!-- Generated by org.testng.reporters.JUnitReportReporter -->
<testsuite skipped="0" hostname="LAPTOP-JAC828HV" name="progj.base" tests="1" failures="0" timestamp="06 Apr 2022 06:40:13 GMT" time="22.669" errors="0">
  <testcase name="test" time="22.669" classname="progj.base"/>
</testsuite> <!-- progj.base -->
